<?xml version="1.0" encoding="UTF-8"?>
<testng-results ignored="0" total="1" passed="1" failed="0" skipped="0">
  <reporter-output>
  </reporter-output>
  <suite started-at="2024-05-18T15:14:02 IST" name="Default suite" finished-at="2024-05-18T15:14:50 IST" duration-ms="48622">
    <groups>
      <group name="cucumber">
        <method signature="AbstractTestNGCucumberTests.runScenario(io.cucumber.testng.PickleWrapper,io.cucumber.testng.FeatureWrapper)[pri:0, instance:cucumberFeatures.TestNgTestRunner@2cd76f31]" name="runScenario" class="io.cucumber.testng.AbstractTestNGCucumberTests"/>
      </group> <!-- cucumber -->
    </groups>
    <test started-at="2024-05-18T15:14:02 IST" name="Default test" finished-at="2024-05-18T15:14:50 IST" duration-ms="48622">
      <class name="cucumberFeatures.TestNgTestRunner">
        <test-method is-config="true" signature="setUpClass(org.testng.ITestContext)[pri:0, instance:cucumberFeatures.TestNgTestRunner@2cd76f31]" started-at="2024-05-18T15:14:02 IST" name="setUpClass" finished-at="2024-05-18T15:14:02 IST" duration-ms="472" status="PASS">
          <params>
            <param index="0">
              <value>
                <![CDATA[org.testng.TestRunner@50ab56e2]]>
              </value>
            </param>
          </params>
          <reporter-output>
          </reporter-output>
        </test-method> <!-- setUpClass -->
        <test-method signature="runScenario(io.cucumber.testng.PickleWrapper,io.cucumber.testng.FeatureWrapper)[pri:0, instance:cucumberFeatures.TestNgTestRunner@2cd76f31]" started-at="2024-05-18T15:14:02 IST" name="runScenario" description="Runs Cucumber Scenarios" data-provider="scenarios" finished-at="2024-05-18T15:14:50 IST" duration-ms="48021" status="PASS">
          <params>
            <param index="0">
              <value>
                <![CDATA["positive scenario of adding a product and successfully proceeding till payment page"]]>
              </value>
            </param>
            <param index="1">
              <value>
                <![CDATA["Proceeding till payment page after adding a product in PUMA website"]]>
              </value>
            </param>
          </params>
          <reporter-output>
          </reporter-output>
        </test-method> <!-- runScenario -->
        <test-method is-config="true" signature="tearDownClass()[pri:0, instance:cucumberFeatures.TestNgTestRunner@2cd76f31]" started-at="2024-05-18T15:14:50 IST" name="tearDownClass" finished-at="2024-05-18T15:14:50 IST" duration-ms="88" status="PASS">
          <reporter-output>
          </reporter-output>
        </test-method> <!-- tearDownClass -->
      </class> <!-- cucumberFeatures.TestNgTestRunner -->
    </test> <!-- Default test -->
  </suite> <!-- Default suite -->
</testng-results>
